<?xml version="1.0" encoding="UTF-8"?>
<!-- Generated by org.testng.reporters.JUnitReportReporter -->
<testsuite skipped="0" hostname="Oksanas-MBP.fios-router.home" name="com.hrms.testcases.LoginTest" tests="4" failures="0" timestamp="2020-05-30T14:05:10 EDT" time="34.252" errors="0">
  <testcase name="emptyUserName" time="3.222" classname="com.hrms.testcases.LoginTest"/>
  <system-out/>
  <testcase name="login" time="11.140" classname="com.hrms.testcases.LoginTest"/>
  <system-out/>
  <testcase name="invalid" time="3.324" classname="com.hrms.testcases.LoginTest"/>
  <system-out/>
  <testcase name="invalidPasswordLogin" time="16.566" classname="com.hrms.testcases.LoginTest"/>
  <system-out/>
</testsuite> <!-- com.hrms.testcases.LoginTest -->
